Unity Editor version:    2022.3.18f1 (d29bea25151d)
Branch:                  2022.3/release
Build type:              Release
Batch mode:              YES
macOS version:           Version 14.6.1 (Build 23G93)
Darwin version:          23.6.0
Architecture:            arm64
Running under Rosetta:   NO
Available memory:        65536 MB
Using pre-set license
Pro License: YES

COMMAND LINE ARGUMENTS:
/Users/chfang/unity3d/editors/2022.3.18f1/Unity.app/Contents/MacOS/Unity
-adb2
-batchMode
-noUpm
-name
AssetImportWorker1
-projectPath
/Users/chfang/unity3d/unity3d-projects/TestingProject
-logFile
Logs/AssetImportWorker1.log
-srvPort
64077
Successfully changed project path to: /Users/chfang/unity3d/unity3d-projects/TestingProject
/Users/chfang/unity3d/unity3d-projects/TestingProject
[UnityMemory] Configuration Parameters - Can be set up in boot.config
    "memorysetup-bucket-allocator-granularity=16"
    "memorysetup-bucket-allocator-bucket-count=8"
    "memorysetup-bucket-allocator-block-size=33554432"
    "memorysetup-bucket-allocator-block-count=8"
    "memorysetup-main-allocator-block-size=16777216"
    "memorysetup-thread-allocator-block-size=16777216"
    "memorysetup-gfx-main-allocator-block-size=16777216"
    "memorysetup-gfx-thread-allocator-block-size=16777216"
    "memorysetup-cache-allocator-block-size=4194304"
    "memorysetup-typetree-allocator-block-size=2097152"
    "memorysetup-profiler-bucket-allocator-granularity=16"
    "memorysetup-profiler-bucket-allocator-bucket-count=8"
    "memorysetup-profiler-bucket-allocator-block-size=33554432"
    "memorysetup-profiler-bucket-allocator-block-count=8"
    "memorysetup-profiler-allocator-block-size=16777216"
    "memorysetup-profiler-editor-allocator-block-size=1048576"
    "memorysetup-temp-allocator-size-main=16777216"
    "memorysetup-job-temp-allocator-block-size=2097152"
    "memorysetup-job-temp-allocator-block-size-background=1048576"
    "memorysetup-job-temp-allocator-reduction-small-platforms=262144"
    "memorysetup-allocator-temp-initial-block-size-main=262144"
    "memorysetup-allocator-temp-initial-block-size-worker=262144"
    "memorysetup-temp-allocator-size-background-worker=32768"
    "memorysetup-temp-allocator-size-job-worker=262144"
    "memorysetup-temp-allocator-size-preload-manager=33554432"
    "memorysetup-temp-allocator-size-nav-mesh-worker=65536"
    "memorysetup-temp-allocator-size-audio-worker=65536"
    "memorysetup-temp-allocator-size-cloud-worker=32768"
    "memorysetup-temp-allocator-size-gi-baking-worker=262144"
    "memorysetup-temp-allocator-size-gfx=262144"
Player connection [8338280256] Host "[IP] 192.168.1.2 [Port] 0 [Flags] 2 [Guid] 2132710352 [EditorId] 2132710352 [Version] 1048832 [Id] OSXEditor(0,Chens-MacBook-Pro.local) [Debug] 1 [PackageName] OSXEditor [ProjectName] Editor" joined multi-casting on [225.0.0.222:54997]...

Player connection [8338280256] Host "[IP] 192.168.1.2 [Port] 0 [Flags] 2 [Guid] 2132710352 [EditorId] 2132710352 [Version] 1048832 [Id] OSXEditor(0,Chens-MacBook-Pro.local) [Debug] 1 [PackageName] OSXEditor [ProjectName] Editor" joined alternative multi-casting on [225.0.0.222:34997]...

[Physics::Module] Initialized MultithreadedJobDispatcher with 15 workers.
Refreshing native plugins compatible for Editor in 2.00 ms, found 2 plugins.
Preloading 0 native plugins for Editor in 0.00 ms.
Initialize engine version: 2022.3.18f1 (d29bea25151d)
[Subsystems] Discovering subsystems at path /Users/chfang/unity3d/editors/2022.3.18f1/Unity.app/Contents/Resources/UnitySubsystems
[Subsystems] Discovering subsystems at path /Users/chfang/unity3d/unity3d-projects/TestingProject/Assets
GfxDevice: creating device client; threaded=0; jobified=0
 preferred device: Apple M3 Max (high power)
Metal devices available: 1
0: Apple M3 Max (high power)
Using device Apple M3 Max (high power)
Initializing Metal device caps: Apple M3 Max
Initialize mono
Mono path[0] = '/Users/chfang/unity3d/editors/2022.3.18f1/Unity.app/Contents/Managed'
Mono path[1] = '/Users/chfang/unity3d/editors/2022.3.18f1/Unity.app/Contents/MonoBleedingEdge/lib/mono/unityjit-macos'
Mono config path = '/Users/chfang/unity3d/editors/2022.3.18f1/Unity.app/Contents/MonoBleedingEdge/etc'
Using monoOptions --debugger-agent=transport=dt_socket,embedding=1,server=y,suspend=n,address=127.0.0.1:56295
Begin MonoManager ReloadAssembly
Registering precompiled unity dll's ...
Register platform support module: /Users/chfang/unity3d/editors/2022.3.18f1/PlaybackEngines/WebGLSupport/UnityEditor.WebGL.Extensions.dll
Register platform support module: /Users/chfang/unity3d/editors/2022.3.18f1/Unity.app/Contents/PlaybackEngines/MacStandaloneSupport/UnityEditor.OSXStandalone.Extensions.dll
Register platform support module: /Users/chfang/unity3d/editors/2022.3.18f1/PlaybackEngines/iOSSupport/UnityEditor.iOS.Extensions.dll
Registered in 0.001050 seconds.
- Loaded All Assemblies, in  0.158 seconds
[usbmuxd] Start listen thread
[usbmuxd] Listen thread started
[usbmuxd] Send listen message
Native extension for iOS target not found
Native extension for OSXStandalone target not found
Native extension for WebGL target not found
Mono: successfully reloaded assembly
- Finished resetting the current domain, in  0.155 seconds
Domain Reload Profiling: 313ms
	BeginReloadAssembly (33ms)
		ExecutionOrderSort (0ms)
		DisableScriptedObjects (0ms)
		BackupInstance (0ms)
		ReleaseScriptingObjects (0ms)
		CreateAndSetChildDomain (0ms)
	RebuildCommonClasses (21ms)
	RebuildNativeTypeToScriptingClass (7ms)
	initialDomainReloadingComplete (23ms)
	LoadAllAssembliesAndSetupDomain (75ms)
		LoadAssemblies (32ms)
		RebuildTransferFunctionScriptingTraits (0ms)
		AnalyzeDomain (74ms)
			TypeCache.Refresh (73ms)
				TypeCache.ScanAssembly (66ms)
			ScanForSourceGeneratedMonoScriptInfo (0ms)
			ResolveRequiredComponents (0ms)
	FinalizeReload (155ms)
		ReleaseScriptCaches (0ms)
		RebuildScriptCaches (0ms)
		SetupLoadedEditorAssemblies (126ms)
			LogAssemblyErrors (0ms)
			InitializePlatformSupportModulesInManaged (40ms)
			SetLoadedEditorAssemblies (3ms)
			RefreshPlugins (0ms)
			BeforeProcessingInitializeOnLoad (1ms)
			ProcessInitializeOnLoadAttributes (63ms)
			ProcessInitializeOnLoadMethodAttributes (20ms)
			AfterProcessingInitializeOnLoad (0ms)
			EditorAssembliesLoaded (0ms)
		ExecutionOrderSort2 (0ms)
		AwakeInstancesAfterBackupRestoration (0ms)
========================================================================
Worker process is ready to serve import requests
Begin MonoManager ReloadAssembly
Symbol file LoadedFromMemory is not a mono symbol file
- Loaded All Assemblies, in  0.241 seconds
Refreshing native plugins compatible for Editor in 0.58 ms, found 2 plugins.
Native extension for iOS target not found
Native extension for OSXStandalone target not found
Native extension for WebGL target not found
Package Manager log level set to [2]
[Package Manager] Server::EnsureServerProcessIsRunning -- launch failed, reason: Unity was launched with the -noUpm command-line argument
[Package Manager] UpmClient::Send -- Unable to send message (not connected to UPM process).
[Package Manager] Cannot connect to Unity Package Manager local server
Mono: successfully reloaded assembly
- Finished resetting the current domain, in  0.315 seconds
Domain Reload Profiling: 557ms
	BeginReloadAssembly (56ms)
		ExecutionOrderSort (0ms)
		DisableScriptedObjects (2ms)
		BackupInstance (0ms)
		ReleaseScriptingObjects (0ms)
		CreateAndSetChildDomain (14ms)
	RebuildCommonClasses (19ms)
	RebuildNativeTypeToScriptingClass (7ms)
	initialDomainReloadingComplete (17ms)
	LoadAllAssembliesAndSetupDomain (143ms)
		LoadAssemblies (86ms)
		RebuildTransferFunctionScriptingTraits (0ms)
		AnalyzeDomain (81ms)
			TypeCache.Refresh (70ms)
				TypeCache.ScanAssembly (61ms)
			ScanForSourceGeneratedMonoScriptInfo (7ms)
			ResolveRequiredComponents (4ms)
	FinalizeReload (315ms)
		ReleaseScriptCaches (0ms)
		RebuildScriptCaches (0ms)
		SetupLoadedEditorAssemblies (243ms)
			LogAssemblyErrors (0ms)
			InitializePlatformSupportModulesInManaged (11ms)
			SetLoadedEditorAssemblies (2ms)
			RefreshPlugins (0ms)
			BeforeProcessingInitializeOnLoad (34ms)
			ProcessInitializeOnLoadAttributes (164ms)
			ProcessInitializeOnLoadMethodAttributes (31ms)
			AfterProcessingInitializeOnLoad (0ms)
			EditorAssembliesLoaded (0ms)
		ExecutionOrderSort2 (0ms)
		AwakeInstancesAfterBackupRestoration (2ms)
Launching external process: /Users/chfang/unity3d/editors/2022.3.18f1/Unity.app/Contents/Tools/UnityShaderCompiler
Launched and connected shader compiler UnityShaderCompiler after 0.02 seconds
Refreshing native plugins compatible for Editor in 0.67 ms, found 2 plugins.
Preloading 0 native plugins for Editor in 0.00 ms.
Unloading 3515 Unused Serialized files (Serialized files now loaded: 0)
Unloading 73 unused Assets / (1.1 MB). Loaded Objects now: 3969.
Memory consumption went from 198.2 MB to 197.2 MB.
Total: 2.747625 ms (FindLiveObjects: 0.109041 ms CreateObjectMapping: 0.037375 ms MarkObjects: 2.282167 ms  DeleteObjects: 0.318625 ms)

AssetImportParameters requested are different than current active one (requested -> active):
  custom:container-demuxer-ogg: 62fdf1f143b41e24485cea50d1cbac27 -> 
  custom:video-decoder-ogg-theora: a1e56fd34408186e4bbccfd4996cb3dc -> 
  custom:CustomObjectIndexerAttribute: 62b5816608c3102f162a1797e29626cf -> 
  custom:container-demuxer-webm: 4f35f7cbe854078d1ac9338744f61a02 -> 
  custom:container-muxer-webm: aa71ff27fc2769a1b78a27578f13a17b -> 
  custom:video-decoder-webm-vp8: 9c59270c3fd7afecdb556c50c9e8de78 -> 
  custom:SearchIndexIgnoredProperties: e643bd26f0fe6173181afceb89e7c659 -> 
  custom:AudioImporter_EditorPlatform: 3918e3fc78b5a79bad01e8451be0beb8 -> 
  custom:framework-osx-AVFoundation: e770b220cccbd017edd2c1fefb359320 -> 
  custom:video-encoder-webm-vp8: eb34c28f22e8b96e1ab97ce403110664 -> 
  custom:audio-decoder-ogg-vorbis: bf7c407c2cedff20999df2af8eb42d56 -> 
  custom:audio-encoder-webm-vorbis: bf7c407c2cedff20999df2af8eb42d56 -> 
========================================================================
Received Prepare
Switching render pipeline 7b7fd9122c28c4d15b667c7040e3b3fd -> c5e7ae6d68b65b34f9aea870648ef132
Refreshing native plugins compatible for Editor in 0.57 ms, found 2 plugins.
Preloading 0 native plugins for Editor in 0.00 ms.
Unloading 15 Unused Serialized files (Serialized files now loaded: 0)
Unloading 15 unused Assets / (1.0 MB). Loaded Objects now: 3969.
Memory consumption went from 116.4 MB to 115.4 MB.
Total: 2.251542 ms (FindLiveObjects: 0.111958 ms CreateObjectMapping: 0.030542 ms MarkObjects: 1.818208 ms  DeleteObjects: 0.290583 ms)

Prepare: number of updated asset objects reloaded= 0
AssetImportParameters requested are different than current active one (requested -> active):
  custom:container-demuxer-ogg: 62fdf1f143b41e24485cea50d1cbac27 -> 
  custom:srp/default-pipeline: 5c7eead6866bb5439fea8a0746e81f23 -> b7f79d21c2824c1db566c707043e3bdf
  custom:video-decoder-ogg-theora: a1e56fd34408186e4bbccfd4996cb3dc -> 
  custom:CustomObjectIndexerAttribute: 62b5816608c3102f162a1797e29626cf -> 
  custom:container-demuxer-webm: 4f35f7cbe854078d1ac9338744f61a02 -> 
  custom:container-muxer-webm: aa71ff27fc2769a1b78a27578f13a17b -> 
  custom:video-decoder-webm-vp8: 9c59270c3fd7afecdb556c50c9e8de78 -> 
  custom:SearchIndexIgnoredProperties: e643bd26f0fe6173181afceb89e7c659 -> 
  custom:AudioImporter_EditorPlatform: 3918e3fc78b5a79bad01e8451be0beb8 -> 
  custom:framework-osx-AVFoundation: e770b220cccbd017edd2c1fefb359320 -> 
  custom:video-encoder-webm-vp8: eb34c28f22e8b96e1ab97ce403110664 -> 
  custom:audio-decoder-ogg-vorbis: bf7c407c2cedff20999df2af8eb42d56 -> 
  custom:audio-encoder-webm-vorbis: bf7c407c2cedff20999df2af8eb42d56 -> 
========================================================================
Received Prepare
Switching render pipeline c5e7ae6d68b65b34f9aea870648ef132 -> ecbd363870e07455ea237f5753668d30
Refreshing native plugins compatible for Editor in 0.70 ms, found 2 plugins.
Preloading 0 native plugins for Editor in 0.00 ms.
Unloading 22 Unused Serialized files (Serialized files now loaded: 0)
Unloading 23 unused Assets / (1.0 MB). Loaded Objects now: 3975.
Memory consumption went from 113.0 MB to 112.0 MB.
Total: 2.496834 ms (FindLiveObjects: 0.113208 ms CreateObjectMapping: 0.030208 ms MarkObjects: 1.796375 ms  DeleteObjects: 0.556709 ms)

Prepare: number of updated asset objects reloaded= 0
AssetImportParameters requested are different than current active one (requested -> active):
  custom:container-demuxer-ogg: 62fdf1f143b41e24485cea50d1cbac27 -> 
  custom:srp/default-pipeline: cedb6383070e4755ae32f7753566d803 -> 5c7eead6866bb5439fea8a0746e81f23
  custom:video-decoder-ogg-theora: a1e56fd34408186e4bbccfd4996cb3dc -> 
  custom:CustomObjectIndexerAttribute: 62b5816608c3102f162a1797e29626cf -> 
  custom:container-demuxer-webm: 4f35f7cbe854078d1ac9338744f61a02 -> 
  custom:container-muxer-webm: aa71ff27fc2769a1b78a27578f13a17b -> 
  custom:video-decoder-webm-vp8: 9c59270c3fd7afecdb556c50c9e8de78 -> 
  custom:SearchIndexIgnoredProperties: e643bd26f0fe6173181afceb89e7c659 -> 
  custom:AudioImporter_EditorPlatform: 3918e3fc78b5a79bad01e8451be0beb8 -> 
  custom:framework-osx-AVFoundation: e770b220cccbd017edd2c1fefb359320 -> 
  custom:video-encoder-webm-vp8: eb34c28f22e8b96e1ab97ce403110664 -> 
  custom:audio-decoder-ogg-vorbis: bf7c407c2cedff20999df2af8eb42d56 -> 
  custom:audio-encoder-webm-vorbis: bf7c407c2cedff20999df2af8eb42d56 -> 
========================================================================
Received Prepare
Refreshing native plugins compatible for Editor in 0.57 ms, found 2 plugins.
Preloading 0 native plugins for Editor in 0.00 ms.
Unloading 21 Unused Serialized files (Serialized files now loaded: 0)
Unloading 25 unused Assets / (1.0 MB). Loaded Objects now: 3978.
Memory consumption went from 109.8 MB to 108.8 MB.
Total: 2.477375 ms (FindLiveObjects: 0.101292 ms CreateObjectMapping: 0.033166 ms MarkObjects: 2.053000 ms  DeleteObjects: 0.289500 ms)

Prepare: number of updated asset objects reloaded= 0
AssetImportParameters requested are different than current active one (requested -> active):
  custom:container-demuxer-ogg: 62fdf1f143b41e24485cea50d1cbac27 -> 
  custom:video-decoder-ogg-theora: a1e56fd34408186e4bbccfd4996cb3dc -> 
  custom:CustomObjectIndexerAttribute: 62b5816608c3102f162a1797e29626cf -> 
  custom:container-demuxer-webm: 4f35f7cbe854078d1ac9338744f61a02 -> 
  custom:container-muxer-webm: aa71ff27fc2769a1b78a27578f13a17b -> 
  custom:video-decoder-webm-vp8: 9c59270c3fd7afecdb556c50c9e8de78 -> 
  custom:SearchIndexIgnoredProperties: e643bd26f0fe6173181afceb89e7c659 -> 
  custom:AudioImporter_EditorPlatform: 3918e3fc78b5a79bad01e8451be0beb8 -> 
  custom:framework-osx-AVFoundation: e770b220cccbd017edd2c1fefb359320 -> 
  custom:video-encoder-webm-vp8: eb34c28f22e8b96e1ab97ce403110664 -> 
  custom:audio-decoder-ogg-vorbis: bf7c407c2cedff20999df2af8eb42d56 -> 
  custom:audio-encoder-webm-vorbis: bf7c407c2cedff20999df2af8eb42d56 -> 
========================================================================
Received Import Request.
  Time since last request: 99205.857336 seconds.
  path: Assets/_shaders/FlatKit/Demos/Common/URP Configs/[FlatKit] Example URP Asset.asset
  artifactKey: Guid(ecbd363870e07455ea237f5753668d30) Importer(815301076,1909f56bfc062723c751e8b465ee728b)
Start importing Assets/_shaders/FlatKit/Demos/Common/URP Configs/[FlatKit] Example URP Asset.asset using Guid(ecbd363870e07455ea237f5753668d30) Importer(815301076,1909f56bfc062723c751e8b465ee728b)  -> (artifact id: 'fa84f1c7b5cf75da7336a45b939ed2fb') in 0.005479 seconds
Number of updated asset objects reloaded before import = 0
Number of asset objects unloaded after import = 1
========================================================================
Received Prepare
Begin MonoManager ReloadAssembly
Thread 0x347f83000 may have been prematurely finalized
Symbol file LoadedFromMemory is not a mono symbol file
- Loaded All Assemblies, in  0.172 seconds
Refreshing native plugins compatible for Editor in 0.58 ms, found 2 plugins.
Native extension for iOS target not found
Native extension for OSXStandalone target not found
Native extension for WebGL target not found
[Package Manager] Server::EnsureServerProcessIsRunning -- launch failed, reason: Unity was launched with the -noUpm command-line argument
[Package Manager] UpmClient::Send -- Unable to send message (not connected to UPM process).
[Package Manager] Cannot connect to Unity Package Manager local server
Mono: successfully reloaded assembly
- Finished resetting the current domain, in  0.395 seconds
Domain Reload Profiling: 566ms
	BeginReloadAssembly (67ms)
		ExecutionOrderSort (0ms)
		DisableScriptedObjects (2ms)
		BackupInstance (0ms)
		ReleaseScriptingObjects (0ms)
		CreateAndSetChildDomain (23ms)
	RebuildCommonClasses (19ms)
	RebuildNativeTypeToScriptingClass (7ms)
	initialDomainReloadingComplete (10ms)
	LoadAllAssembliesAndSetupDomain (69ms)
		LoadAssemblies (83ms)
		RebuildTransferFunctionScriptingTraits (0ms)
		AnalyzeDomain (8ms)
			TypeCache.Refresh (3ms)
				TypeCache.ScanAssembly (0ms)
			ScanForSourceGeneratedMonoScriptInfo (0ms)
			ResolveRequiredComponents (5ms)
	FinalizeReload (395ms)
		ReleaseScriptCaches (0ms)
		RebuildScriptCaches (0ms)
		SetupLoadedEditorAssemblies (229ms)
			LogAssemblyErrors (0ms)
			InitializePlatformSupportModulesInManaged (11ms)
			SetLoadedEditorAssemblies (2ms)
			RefreshPlugins (0ms)
			BeforeProcessingInitializeOnLoad (33ms)
			ProcessInitializeOnLoadAttributes (155ms)
			ProcessInitializeOnLoadMethodAttributes (27ms)
			AfterProcessingInitializeOnLoad (1ms)
			EditorAssembliesLoaded (0ms)
		ExecutionOrderSort2 (0ms)
		AwakeInstancesAfterBackupRestoration (7ms)
Refreshing native plugins compatible for Editor in 0.68 ms, found 2 plugins.
Preloading 0 native plugins for Editor in 0.00 ms.
Unloading 3363 Unused Serialized files (Serialized files now loaded: 0)
Unloading 51 unused Assets / (1.0 MB). Loaded Objects now: 3983.
Memory consumption went from 170.4 MB to 169.4 MB.
Total: 2.553667 ms (FindLiveObjects: 0.119833 ms CreateObjectMapping: 0.032250 ms MarkObjects: 2.047875 ms  DeleteObjects: 0.353041 ms)

Prepare: number of updated asset objects reloaded= 1
AssetImportParameters requested are different than current active one (requested -> active):
  custom:container-demuxer-ogg: 62fdf1f143b41e24485cea50d1cbac27 -> 
  custom:video-decoder-ogg-theora: a1e56fd34408186e4bbccfd4996cb3dc -> 
  custom:CustomObjectIndexerAttribute: 62b5816608c3102f162a1797e29626cf -> 
  custom:container-demuxer-webm: 4f35f7cbe854078d1ac9338744f61a02 -> 
  custom:container-muxer-webm: aa71ff27fc2769a1b78a27578f13a17b -> 
  custom:video-decoder-webm-vp8: 9c59270c3fd7afecdb556c50c9e8de78 -> 
  custom:SearchIndexIgnoredProperties: e643bd26f0fe6173181afceb89e7c659 -> 
  custom:AudioImporter_EditorPlatform: 3918e3fc78b5a79bad01e8451be0beb8 -> 
  custom:framework-osx-AVFoundation: e770b220cccbd017edd2c1fefb359320 -> 
  custom:video-encoder-webm-vp8: eb34c28f22e8b96e1ab97ce403110664 -> 
  custom:audio-decoder-ogg-vorbis: bf7c407c2cedff20999df2af8eb42d56 -> 
  custom:audio-encoder-webm-vorbis: bf7c407c2cedff20999df2af8eb42d56 -> 
========================================================================
Received Prepare
Begin MonoManager ReloadAssembly
Thread 0x173307000 may have been prematurely finalized
Symbol file LoadedFromMemory is not a mono symbol file
- Loaded All Assemblies, in  0.167 seconds
Refreshing native plugins compatible for Editor in 0.56 ms, found 2 plugins.
Native extension for iOS target not found
Native extension for OSXStandalone target not found
Native extension for WebGL target not found
[Package Manager] Server::EnsureServerProcessIsRunning -- launch failed, reason: Unity was launched with the -noUpm command-line argument
[Package Manager] UpmClient::Send -- Unable to send message (not connected to UPM process).
[Package Manager] Cannot connect to Unity Package Manager local server
Mono: successfully reloaded assembly
- Finished resetting the current domain, in  0.386 seconds
Domain Reload Profiling: 554ms
	BeginReloadAssembly (68ms)
		ExecutionOrderSort (0ms)
		DisableScriptedObjects (2ms)
		BackupInstance (0ms)
		ReleaseScriptingObjects (0ms)
		CreateAndSetChildDomain (24ms)
	RebuildCommonClasses (19ms)
	RebuildNativeTypeToScriptingClass (7ms)
	initialDomainReloadingComplete (11ms)
	LoadAllAssembliesAndSetupDomain (62ms)
		LoadAssemblies (76ms)
		RebuildTransferFunctionScriptingTraits (0ms)
		AnalyzeDomain (9ms)
			TypeCache.Refresh (4ms)
				TypeCache.ScanAssembly (0ms)
			ScanForSourceGeneratedMonoScriptInfo (0ms)
			ResolveRequiredComponents (5ms)
	FinalizeReload (386ms)
		ReleaseScriptCaches (0ms)
		RebuildScriptCaches (0ms)
		SetupLoadedEditorAssemblies (232ms)
			LogAssemblyErrors (0ms)
			InitializePlatformSupportModulesInManaged (11ms)
			SetLoadedEditorAssemblies (2ms)
			RefreshPlugins (0ms)
			BeforeProcessingInitializeOnLoad (34ms)
			ProcessInitializeOnLoadAttributes (156ms)
			ProcessInitializeOnLoadMethodAttributes (29ms)
			AfterProcessingInitializeOnLoad (1ms)
			EditorAssembliesLoaded (0ms)
		ExecutionOrderSort2 (0ms)
		AwakeInstancesAfterBackupRestoration (9ms)
Refreshing native plugins compatible for Editor in 0.64 ms, found 2 plugins.
Preloading 0 native plugins for Editor in 0.00 ms.
Unloading 3363 Unused Serialized files (Serialized files now loaded: 0)
Unloading 52 unused Assets / (1.0 MB). Loaded Objects now: 3992.
Memory consumption went from 177.9 MB to 176.9 MB.
Total: 2.538625 ms (FindLiveObjects: 0.117125 ms CreateObjectMapping: 0.032750 ms MarkObjects: 2.067166 ms  DeleteObjects: 0.321125 ms)

Prepare: number of updated asset objects reloaded= 9
AssetImportParameters requested are different than current active one (requested -> active):
  custom:container-demuxer-ogg: 62fdf1f143b41e24485cea50d1cbac27 -> 
  custom:video-decoder-ogg-theora: a1e56fd34408186e4bbccfd4996cb3dc -> 
  custom:CustomObjectIndexerAttribute: 62b5816608c3102f162a1797e29626cf -> 
  custom:container-demuxer-webm: 4f35f7cbe854078d1ac9338744f61a02 -> 
  custom:container-muxer-webm: aa71ff27fc2769a1b78a27578f13a17b -> 
  custom:video-decoder-webm-vp8: 9c59270c3fd7afecdb556c50c9e8de78 -> 
  custom:SearchIndexIgnoredProperties: e643bd26f0fe6173181afceb89e7c659 -> 
  custom:AudioImporter_EditorPlatform: 3918e3fc78b5a79bad01e8451be0beb8 -> 
  custom:framework-osx-AVFoundation: e770b220cccbd017edd2c1fefb359320 -> 
  custom:video-encoder-webm-vp8: eb34c28f22e8b96e1ab97ce403110664 -> 
  custom:audio-decoder-ogg-vorbis: bf7c407c2cedff20999df2af8eb42d56 -> 
  custom:audio-encoder-webm-vorbis: bf7c407c2cedff20999df2af8eb42d56 -> 
========================================================================
Received Prepare
Begin MonoManager ReloadAssembly
Thread 0x173307000 may have been prematurely finalized
Symbol file LoadedFromMemory is not a mono symbol file
- Loaded All Assemblies, in  0.176 seconds
Refreshing native plugins compatible for Editor in 0.59 ms, found 2 plugins.
Native extension for iOS target not found
Native extension for OSXStandalone target not found
Native extension for WebGL target not found
[Package Manager] Server::EnsureServerProcessIsRunning -- launch failed, reason: Unity was launched with the -noUpm command-line argument
[Package Manager] UpmClient::Send -- Unable to send message (not connected to UPM process).
[Package Manager] Cannot connect to Unity Package Manager local server
Assertion failed on expression: '!pathName.empty()'
UnityEngine.StackTraceUtility:ExtractStackTrace () (at /Users/bokken/build/output/unity/unity/Runtime/Export/Scripting/StackTrace.cs:37)
UnityEditor.AssetDatabase:AddObjectToAsset (UnityEngine.Object,UnityEngine.Object) (at /Users/bokken/build/output/unity/unity/Modules/AssetDatabase/Editor/ScriptBindings/AssetDatabase.bindings.cs:228)
FlatKit.SubAssetMaterial:GetOrCreate (UnityEngine.Object,string) (at Assets/_shaders/FlatKit/[Render Pipeline] URP/RenderFeatures/Common/SubAssetMaterial.cs:33)
FlatKit.FlatKitOutline:Create () (at Assets/_shaders/FlatKit/[Render Pipeline] URP/RenderFeatures/Outline/FlatKitOutline.cs:44)
UnityEngine.Rendering.Universal.ScriptableRendererFeature:OnEnable () (at Library/PackageCache/com.unity.render-pipelines.universal@14.0.10/Runtime/ScriptableRendererFeature.cs:48)

[/Users/bokken/build/output/unity/unity/Runtime/Export/Scripting/StackTrace.cs line 37]

Assertion failed on expression: 'm_PreventLoadingFromFile != nameSpaceID'
UnityEngine.StackTraceUtility:ExtractStackTrace () (at /Users/bokken/build/output/unity/unity/Runtime/Export/Scripting/StackTrace.cs:37)
UnityEditor.AssetDatabase:AddObjectToAsset (UnityEngine.Object,UnityEngine.Object) (at /Users/bokken/build/output/unity/unity/Modules/AssetDatabase/Editor/ScriptBindings/AssetDatabase.bindings.cs:228)
FlatKit.SubAssetMaterial:GetOrCreate (UnityEngine.Object,string) (at Assets/_shaders/FlatKit/[Render Pipeline] URP/RenderFeatures/Common/SubAssetMaterial.cs:33)
FlatKit.FlatKitOutline:Create () (at Assets/_shaders/FlatKit/[Render Pipeline] URP/RenderFeatures/Outline/FlatKitOutline.cs:44)
UnityEngine.Rendering.Universal.ScriptableRendererFeature:OnEnable () (at Library/PackageCache/com.unity.render-pipelines.universal@14.0.10/Runtime/ScriptableRendererFeature.cs:48)

[/Users/bokken/build/output/unity/unity/Runtime/Export/Scripting/StackTrace.cs line 37]

Assertion failed on expression: 'pathID >= 0'
UnityEngine.StackTraceUtility:ExtractStackTrace () (at /Users/bokken/build/output/unity/unity/Runtime/Export/Scripting/StackTrace.cs:37)
UnityEditor.AssetDatabase:AddObjectToAsset (UnityEngine.Object,UnityEngine.Object) (at /Users/bokken/build/output/unity/unity/Modules/AssetDatabase/Editor/ScriptBindings/AssetDatabase.bindings.cs:228)
FlatKit.SubAssetMaterial:GetOrCreate (UnityEngine.Object,string) (at Assets/_shaders/FlatKit/[Render Pipeline] URP/RenderFeatures/Common/SubAssetMaterial.cs:33)
FlatKit.FlatKitOutline:Create () (at Assets/_shaders/FlatKit/[Render Pipeline] URP/RenderFeatures/Outline/FlatKitOutline.cs:44)
UnityEngine.Rendering.Universal.ScriptableRendererFeature:OnEnable () (at Library/PackageCache/com.unity.render-pipelines.universal@14.0.10/Runtime/ScriptableRendererFeature.cs:48)

[/Users/bokken/build/output/unity/unity/Runtime/Export/Scripting/StackTrace.cs line 37]


=================================================================
	Native Crash Reporting
=================================================================
Got a segv while executing native code. This usually indicates
a fatal error in the mono runtime or one of the native libraries 
used by your application.
=================================================================

=================================================================
	Native stacktrace:
=================================================================
	0x17698724c - /Users/chfang/unity3d/editors/2022.3.18f1/Unity.app/Contents/Frameworks/MonoBleedingEdge/MonoEmbedRuntime/osx/libmonobdwgc-2.0.dylib : mono_dump_native_crash_info
	0x17694973c - /Users/chfang/unity3d/editors/2022.3.18f1/Unity.app/Contents/Frameworks/MonoBleedingEdge/MonoEmbedRuntime/osx/libmonobdwgc-2.0.dylib : mono_handle_native_crash
	0x1768d1ecc - /Users/chfang/unity3d/editors/2022.3.18f1/Unity.app/Contents/Frameworks/MonoBleedingEdge/MonoEmbedRuntime/osx/libmonobdwgc-2.0.dylib : mono_sigsegv_signal_handler_debug
	0x1891e2584 - /usr/lib/system/libsystem_platform.dylib : _sigtramp
	0x1006267fc - /Users/chfang/unity3d/editors/2022.3.18f1/Unity.app/Contents/MacOS/Unity : _ZN4core12basic_stringIcNS_20StringStorageDefaultIcEEEC2ERKS3_RK10MemLabelId
	0x1023d9de4 - /Users/chfang/unity3d/editors/2022.3.18f1/Unity.app/Contents/MacOS/Unity : _ZNK23GUIDPersistentManagerV230PathIDToFileIdentifierInternalEi
	0x1023db580 - /Users/chfang/unity3d/editors/2022.3.18f1/Unity.app/Contents/MacOS/Unity : _ZN23GUIDPersistentManagerV219OnRegisterAssetTypeEi
	0x1010c1c00 - /Users/chfang/unity3d/editors/2022.3.18f1/Unity.app/Contents/MacOS/Unity : _ZN17PersistentManager21MakeObjectsPersistentEPKiPxiN4core16basic_string_refIcEEi
	0x1010c17dc - /Users/chfang/unity3d/editors/2022.3.18f1/Unity.app/Contents/MacOS/Unity : _ZN17PersistentManager28MakeObjectPersistentAtFileIDEixN4core16basic_string_refIcEE
	0x101bbfde4 - /Users/chfang/unity3d/editors/2022.3.18f1/Unity.app/Contents/MacOS/Unity : _Z19MakeAssetPersistentR6ObjectRKN4core12basic_stringIcNS1_20StringStorageDefaultIcEEEE
	0x1022ca274 - /Users/chfang/unity3d/editors/2022.3.18f1/Unity.app/Contents/MacOS/Unity : _ZN13AssetDatabase16AddObjectToAssetER6ObjectRKN4core12basic_stringIcNS2_20StringStorageDefaultIcEEEE
	0x1022ca630 - /Users/chfang/unity3d/editors/2022.3.18f1/Unity.app/Contents/MacOS/Unity : _ZN13AssetDatabase16AddObjectToAssetER6ObjectS1_
	0x10063c25c - /Users/chfang/unity3d/editors/2022.3.18f1/Unity.app/Contents/MacOS/Unity : _ZN21AssetDatabaseBindings20AddObjectToAsset_ObjE4PPtrI6ObjectES2_P21ScriptingExceptionPtr
	0x10066c8c8 - /Users/chfang/unity3d/editors/2022.3.18f1/Unity.app/Contents/MacOS/Unity : _Z41AssetDatabase_CUSTOM_AddObjectToAsset_ObjP37ScriptingBackendNativeObjectPtrOpaqueS0_
	0x3593e41b4 - Unknown
	0x3593e408c - Unknown
	0x3593d4bfc - Unknown
	0x3593dfe90 - Unknown
	0x3593d6080 - Unknown
	0x35911fc44 - Unknown
	0x1768d518c - /Users/chfang/unity3d/editors/2022.3.18f1/Unity.app/Contents/Frameworks/MonoBleedingEdge/MonoEmbedRuntime/osx/libmonobdwgc-2.0.dylib : mono_jit_runtime_invoke
	0x176a5b478 - /Users/chfang/unity3d/editors/2022.3.18f1/Unity.app/Contents/Frameworks/MonoBleedingEdge/MonoEmbedRuntime/osx/libmonobdwgc-2.0.dylib : do_runtime_invoke
	0x176a5b398 - /Users/chfang/unity3d/editors/2022.3.18f1/Unity.app/Contents/Frameworks/MonoBleedingEdge/MonoEmbedRuntime/osx/libmonobdwgc-2.0.dylib : mono_runtime_invoke
	0x101016858 - /Users/chfang/unity3d/editors/2022.3.18f1/Unity.app/Contents/MacOS/Unity : _Z23scripting_method_invoke18ScriptingMethodPtr18ScriptingObjectPtrR18ScriptingArgumentsP21ScriptingExceptionPtrb
	0x100ff1a84 - /Users/chfang/unity3d/editors/2022.3.18f1/Unity.app/Contents/MacOS/Unity : _ZN19ScriptingInvocation6InvokeEP21ScriptingExceptionPtrb
	0x100ff190c - /Users/chfang/unity3d/editors/2022.3.18f1/Unity.app/Contents/MacOS/Unity : _ZN19ScriptingInvocation13InvokeCheckedEP21ScriptingExceptionPtr
	0x1010b5ab4 - /Users/chfang/unity3d/editors/2022.3.18f1/Unity.app/Contents/MacOS/Unity : _ZN22SerializableManagedRef10CallMethodER6Object18ScriptingMethodPtr
	0x100fb78dc - /Users/chfang/unity3d/editors/2022.3.18f1/Unity.app/Contents/MacOS/Unity : _ZN13MonoBehaviour15DidReloadDomainEv
	0x1010b63c4 - /Users/chfang/unity3d/editors/2022.3.18f1/Unity.app/Contents/MacOS/Unity : _ZN32SerializableManagedRefsUtilities36AwakeInstancesAfterBackupRestorationERK19DomainReloadingData
	0x100fbe8bc - /Users/chfang/unity3d/editors/2022.3.18f1/Unity.app/Contents/MacOS/Unity : _ZN11MonoManager14FinalizeReloadEv
	0x10230c3bc - /Users/chfang/unity3d/editors/2022.3.18f1/Unity.app/Contents/MacOS/Unity : _ZN20ScriptingInitializer14FinalizeReloadEv
	0x101f1dac4 - /Users/chfang/unity3d/editors/2022.3.18f1/Unity.app/Contents/MacOS/Unity : _Z18LoadUserAssembliesv
	0x1023ea7e4 - /Users/chfang/unity3d/editors/2022.3.18f1/Unity.app/Contents/MacOS/Unity : _ZN23AssetImportWorkerClient16ReloadMonoDomainER13AssetResolver
	0x1023f6118 - /Users/chfang/unity3d/editors/2022.3.18f1/Unity.app/Contents/MacOS/Unity : ___ZZN23AssetImportWorkerClient13HandleMessageERK14PrepareMessageENK3$_4clEv_block_invoke
	0x1890013e8 - /usr/lib/system/libdispatch.dylib : _dispatch_client_callout
	0x1890109b0 - /usr/lib/system/libdispatch.dylib : _dispatch_async_and_wait_invoke
	0x1890013e8 - /usr/lib/system/libdispatch.dylib : _dispatch_client_callout
	0x18900fbb8 - /usr/lib/system/libdispatch.dylib : _dispatch_main_queue_drain
	0x18900f7cc - /usr/lib/system/libdispatch.dylib : _dispatch_main_queue_callback_4CF
	0x1892d2ad4 - /System/Library/Frameworks/CoreFoundation.framework/Versions/A/CoreFoundation : __CFRUNLOOP_IS_SERVICING_THE_MAIN_DISPATCH_QUEUE__
	0x189290258 - /System/Library/Frameworks/CoreFoundation.framework/Versions/A/CoreFoundation : __CFRunLoopRun
	0x18928f434 - /System/Library/Frameworks/CoreFoundation.framework/Versions/A/CoreFoundation : CFRunLoopRunSpecific
	0x193a3919c - /System/Library/Frameworks/Carbon.framework/Versions/A/Frameworks/HIToolbox.framework/Versions/A/HIToolbox : RunCurrentEventLoopInMode
	0x193a38fd8 - /System/Library/Frameworks/Carbon.framework/Versions/A/Frameworks/HIToolbox.framework/Versions/A/HIToolbox : ReceiveNextEventCommon
	0x193a38d30 - /System/Library/Frameworks/Carbon.framework/Versions/A/Frameworks/HIToolbox.framework/Versions/A/HIToolbox : _BlockUntilNextEventMatchingListInModeWithFilter
	0x18caeecc8 - /System/Library/Frameworks/AppKit.framework/Versions/C/AppKit : _DPSNextEvent
	0x18d2e54d0 - /System/Library/Frameworks/AppKit.framework/Versions/C/AppKit : -[NSApplication(NSEventRouting) _nextEventMatchingEventMask:untilDate:inMode:dequeue:]
	0x18cae1ffc - /System/Library/Frameworks/AppKit.framework/Versions/C/AppKit : -[NSApplication run]
	0x18cab9240 - /System/Library/Frameworks/AppKit.framework/Versions/C/AppKit : NSApplicationMain
	0x102e51bc8 - /Users/chfang/unity3d/editors/2022.3.18f1/Unity.app/Contents/MacOS/Unity : _Z10EditorMainiPPKc
	0x102e51f14 - /Users/chfang/unity3d/editors/2022.3.18f1/Unity.app/Contents/MacOS/Unity : main
	0x188e27154 - /usr/lib/dyld : start

=================================================================
	Telemetry Dumper:
=================================================================
Pkilling 0x6295105536x from 0x8338280256x
Pkilling 0x6292959232x from 0x8338280256x
Pkilling 0x6181974016x from 0x8338280256x
Entering thread summarizer pause from 0x8338280256x
Finished thread summarizer pause from 0x8338280256x.
Failed to create breadcrumb file (null)/crash_hash_0x5e1833e60
debugger-agent: Unable to listen on 39

Waiting for dumping threads to resume

=================================================================
	External Debugger Dump:
=================================================================

=================================================================
	Basic Fault Address Reporting
=================================================================
Memory around native instruction pointer (0x1891e21d4):0x1891e21c4  5f 10 40 f1 03 03 00 54 63 80 00 91 63 e8 7b 92  _.@....Tc...c.{.
0x1891e21d4  22 0c 40 ac 65 00 00 cb 21 00 05 8b 20 04 40 ac  ".@.e...!... .@.
0x1891e21e4  21 80 00 91 42 00 05 cb 02 0c 00 ac 42 00 01 f1  !...B.......B...
0x1891e21f4  e9 00 00 54 60 04 00 ac 63 80 00 91 20 04 40 ac  ...T`...c... .@.

=================================================================
	Managed Stacktrace:
=================================================================
	  at <unknown> <0xffffffff>
	  at UnityEditor.AssetDatabase:AddObjectToAsset_Obj <0x00007>
	  at UnityEditor.AssetDatabase:AddObjectToAsset <0x00063>
	  at FlatKit.SubAssetMaterial:GetOrCreate <0x00753>
	  at FlatKit.FlatKitOutline:Create <0x0031f>
	  at UnityEngine.Rendering.Universal.ScriptableRendererFeature:OnEnable <0x00067>
	  at System.Object:runtime_invoke_void__this__ <0x00123>
=================================================================
Obtained 48 stack frames.
#0  0x000001891e21d4 in _platform_memmove
#1  0x000001023d9de4 in GUIDPersistentManagerV2::PathIDToFileIdentifierInternal(int) const
#2  0x000001023db580 in GUIDPersistentManagerV2::OnRegisterAssetType(int)
#3  0x000001010c1c00 in PersistentManager::MakeObjectsPersistent(int const*, long long*, int, core::basic_string_ref<char>, int)
#4  0x000001010c17dc in PersistentManager::MakeObjectPersistentAtFileID(int, long long, core::basic_string_ref<char>)
#5  0x00000101bbfde4 in MakeAssetPersistent(Object&, core::basic_string<char, core::StringStorageDefault<char>> const&)
#6  0x000001022ca274 in AssetDatabase::AddObjectToAsset(Object&, core::basic_string<char, core::StringStorageDefault<char>> const&)
#7  0x000001022ca630 in AssetDatabase::AddObjectToAsset(Object&, Object&)
#8  0x0000010063c25c in AssetDatabaseBindings::AddObjectToAsset_Obj(PPtr<Object>, PPtr<Object>, ScriptingExceptionPtr*)
#9  0x0000010066c8c8 in AssetDatabase_CUSTOM_AddObjectToAsset_Obj(ScriptingBackendNativeObjectPtrOpaque*, ScriptingBackendNativeObjectPtrOpaque*)
#10 0x000003593e41b4 in  (wrapper managed-to-native) UnityEditor.AssetDatabase:AddObjectToAsset_Obj (UnityEngine.Object,UnityEngine.Object) [{0x32370b570} + 0xb4]  (0x3593e4100 0x3593e4248) [0x117f82a80 - Unity Child Domain]
#11 0x000003593e408c in  UnityEditor.AssetDatabase:AddObjectToAsset (UnityEngine.Object,UnityEngine.Object) [{0x3243d1260} + 0x64] [/Users/bokken/build/output/unity/unity/Modules/AssetDatabase/Editor/ScriptBindings/AssetDatabase.bindings.cs :: 228u] (0x3593e4028 0x3593e40b0) [0x117f82a80 - Unity Child Domain]
#12 0x000003593d4bfc in  FlatKit.SubAssetMaterial:GetOrCreate (UnityEngine.Object,string) [{0x1151e45e8} + 0x754] [/Users/chfang/unity3d/unity3d-projects/TestingProject/Assets/_shaders/FlatKit/[Render Pipeline] URP/RenderFeatures/Common/SubAssetMaterial.cs :: 33u] (0x3593d44a8 0x3593d4cdc) [0x117f82a80 - Unity Child Domain]
#13 0x000003593dfe90 in  FlatKit.FlatKitOutline:Create () [{0x11509ddc0} + 0x320] [/Users/chfang/unity3d/unity3d-projects/TestingProject/Assets/_shaders/FlatKit/[Render Pipeline] URP/RenderFeatures/Outline/FlatKitOutline.cs :: 44u] (0x3593dfb70 0x3593e023c) [0x117f82a80 - Unity Child Domain]
#14 0x000003593d6080 in  UnityEngine.Rendering.Universal.ScriptableRendererFeature:OnEnable () [{0x11509d878} + 0x68] [/Users/chfang/unity3d/unity3d-projects/TestingProject/Library/PackageCache/com.unity.render-pipelines.universal@14.0.10/Runtime/ScriptableRendererFeature.cs :: 48u] (0x3593d6018 0x3593d60a4) [0x117f82a80 - Unity Child Domain]
#15 0x0000035911fc44 in  (wrapper runtime-invoke) object:runtime_invoke_void__this__ (object,intptr,intptr,intptr) [{0x169285dd0} + 0x124]  (0x35911fb20 0x35911fdc4) [0x117f82a80 - Unity Child Domain]
#16 0x000001768d518c in mono_jit_runtime_invoke
#17 0x00000176a5b478 in do_runtime_invoke
#18 0x00000176a5b398 in mono_runtime_invoke
#19 0x00000101016858 in scripting_method_invoke(ScriptingMethodPtr, ScriptingObjectPtr, ScriptingArguments&, ScriptingExceptionPtr*, bool)
#20 0x00000100ff1a84 in ScriptingInvocation::Invoke(ScriptingExceptionPtr*, bool)
#21 0x00000100ff190c in ScriptingInvocation::InvokeChecked(ScriptingExceptionPtr*)
#22 0x000001010b5ab4 in SerializableManagedRef::CallMethod(Object&, ScriptingMethodPtr)
#23 0x00000100fb78dc in MonoBehaviour::DidReloadDomain()
#24 0x000001010b63c4 in SerializableManagedRefsUtilities::AwakeInstancesAfterBackupRestoration(DomainReloadingData const&)
#25 0x00000100fbe8bc in MonoManager::FinalizeReload()
#26 0x0000010230c3bc in ScriptingInitializer::FinalizeReload()
#27 0x00000101f1dac4 in LoadUserAssemblies()
#28 0x000001023ea7e4 in AssetImportWorkerClient::ReloadMonoDomain(AssetResolver&)
#29 0x000001023f6118 in invocation function for block in AssetImportWorkerClient::HandleMessage(PrepareMessage const&)::$_4::operator()() const
#30 0x000001890013e8 in _dispatch_client_callout
#31 0x37030001890109b0 in _dispatch_async_and_wait_invoke
#32 0x934e8001890013e8 in _dispatch_client_callout
#33 0x380b80018900fbb8 in _dispatch_main_queue_drain
#34 0x143780018900f7cc in _dispatch_main_queue_callback_4CF
#35 0x56310001892d2ad4 in __CFRUNLOOP_IS_SERVICING_THE_MAIN_DISPATCH_QUEUE__
#36 0xe150000189290258 in __CFRunLoopRun
#37 0x5c4f80018928f434 in CFRunLoopRunSpecific
#38 0x2845000193a3919c in RunCurrentEventLoopInMode
#39 0xad15800193a38fd8 in ReceiveNextEventCommon
#40 0xde1f800193a38d30 in _BlockUntilNextEventMatchingListInModeWithFilter
#41 0x125c80018caeecc8 in _DPSNextEvent
#42 0xc66e00018d2e54d0 in -[NSApplication(NSEventRouting) _nextEventMatchingEventMask:untilDate:inMode:dequeue:]
#43 0xf34100018cae1ffc in -[NSApplication run]
#44 0x4d3600018cab9240 in NSApplicationMain
#45 0x9905800102e51bc8 in EditorMain(int, char const**)
#46 0x00000102e51f14 in main
#47 0x00000188e27154 in start
