Unity Editor version:    2022.3.18f1 (d29bea25151d)
Branch:                  2022.3/release
Build type:              Release
Batch mode:              YES
macOS version:           Version 14.6.1 (Build 23G93)
Darwin version:          23.6.0
Architecture:            arm64
Running under Rosetta:   NO
Available memory:        65536 MB
Using pre-set license
Pro License: YES

COMMAND LINE ARGUMENTS:
/Users/chfang/unity3d/editors/2022.3.18f1/Unity.app/Contents/MacOS/Unity
-adb2
-batchMode
-noUpm
-name
AssetImportWorker3
-projectPath
/Users/chfang/unity3d/unity3d-projects/TestingProject
-logFile
Logs/AssetImportWorker3.log
-srvPort
64077
Successfully changed project path to: /Users/chfang/unity3d/unity3d-projects/TestingProject
/Users/chfang/unity3d/unity3d-projects/TestingProject
[UnityMemory] Configuration Parameters - Can be set up in boot.config
    "memorysetup-bucket-allocator-granularity=16"
    "memorysetup-bucket-allocator-bucket-count=8"
    "memorysetup-bucket-allocator-block-size=33554432"
    "memorysetup-bucket-allocator-block-count=8"
    "memorysetup-main-allocator-block-size=16777216"
    "memorysetup-thread-allocator-block-size=16777216"
    "memorysetup-gfx-main-allocator-block-size=16777216"
    "memorysetup-gfx-thread-allocator-block-size=16777216"
    "memorysetup-cache-allocator-block-size=4194304"
    "memorysetup-typetree-allocator-block-size=2097152"
    "memorysetup-profiler-bucket-allocator-granularity=16"
    "memorysetup-profiler-bucket-allocator-bucket-count=8"
    "memorysetup-profiler-bucket-allocator-block-size=33554432"
    "memorysetup-profiler-bucket-allocator-block-count=8"
    "memorysetup-profiler-allocator-block-size=16777216"
    "memorysetup-profiler-editor-allocator-block-size=1048576"
    "memorysetup-temp-allocator-size-main=16777216"
    "memorysetup-job-temp-allocator-block-size=2097152"
    "memorysetup-job-temp-allocator-block-size-background=1048576"
    "memorysetup-job-temp-allocator-reduction-small-platforms=262144"
    "memorysetup-allocator-temp-initial-block-size-main=262144"
    "memorysetup-allocator-temp-initial-block-size-worker=262144"
    "memorysetup-temp-allocator-size-background-worker=32768"
    "memorysetup-temp-allocator-size-job-worker=262144"
    "memorysetup-temp-allocator-size-preload-manager=33554432"
    "memorysetup-temp-allocator-size-nav-mesh-worker=65536"
    "memorysetup-temp-allocator-size-audio-worker=65536"
    "memorysetup-temp-allocator-size-cloud-worker=32768"
    "memorysetup-temp-allocator-size-gi-baking-worker=262144"
    "memorysetup-temp-allocator-size-gfx=262144"
Player connection [8338280256] Host "[IP] 192.168.1.2 [Port] 0 [Flags] 2 [Guid] 1115474613 [EditorId] 1115474613 [Version] 1048832 [Id] OSXEditor(0,Chens-MacBook-Pro.local) [Debug] 1 [PackageName] OSXEditor [ProjectName] Editor" joined multi-casting on [225.0.0.222:54997]...

Player connection [8338280256] Host "[IP] 192.168.1.2 [Port] 0 [Flags] 2 [Guid] 1115474613 [EditorId] 1115474613 [Version] 1048832 [Id] OSXEditor(0,Chens-MacBook-Pro.local) [Debug] 1 [PackageName] OSXEditor [ProjectName] Editor" joined alternative multi-casting on [225.0.0.222:34997]...

[Physics::Module] Initialized MultithreadedJobDispatcher with 15 workers.
Refreshing native plugins compatible for Editor in 2.68 ms, found 2 plugins.
Preloading 0 native plugins for Editor in 0.00 ms.
Initialize engine version: 2022.3.18f1 (d29bea25151d)
[Subsystems] Discovering subsystems at path /Users/chfang/unity3d/editors/2022.3.18f1/Unity.app/Contents/Resources/UnitySubsystems
[Subsystems] Discovering subsystems at path /Users/chfang/unity3d/unity3d-projects/TestingProject/Assets
GfxDevice: creating device client; threaded=0; jobified=0
 preferred device: Apple M3 Max (high power)
Metal devices available: 1
0: Apple M3 Max (high power)
Using device Apple M3 Max (high power)
Initializing Metal device caps: Apple M3 Max
Initialize mono
Mono path[0] = '/Users/chfang/unity3d/editors/2022.3.18f1/Unity.app/Contents/Managed'
Mono path[1] = '/Users/chfang/unity3d/editors/2022.3.18f1/Unity.app/Contents/MonoBleedingEdge/lib/mono/unityjit-macos'
Mono config path = '/Users/chfang/unity3d/editors/2022.3.18f1/Unity.app/Contents/MonoBleedingEdge/etc'
Using monoOptions --debugger-agent=transport=dt_socket,embedding=1,server=y,suspend=n,address=127.0.0.1:56175
Begin MonoManager ReloadAssembly
Registering precompiled unity dll's ...
Register platform support module: /Users/chfang/unity3d/editors/2022.3.18f1/PlaybackEngines/WebGLSupport/UnityEditor.WebGL.Extensions.dll
Register platform support module: /Users/chfang/unity3d/editors/2022.3.18f1/Unity.app/Contents/PlaybackEngines/MacStandaloneSupport/UnityEditor.OSXStandalone.Extensions.dll
Register platform support module: /Users/chfang/unity3d/editors/2022.3.18f1/PlaybackEngines/iOSSupport/UnityEditor.iOS.Extensions.dll
Registered in 0.000891 seconds.
- Loaded All Assemblies, in  0.140 seconds
[usbmuxd] Start listen thread
[usbmuxd] Listen thread started
[usbmuxd] Send listen message
Native extension for iOS target not found
Native extension for OSXStandalone target not found
Native extension for WebGL target not found
Mono: successfully reloaded assembly
- Finished resetting the current domain, in  0.138 seconds
Domain Reload Profiling: 278ms
	BeginReloadAssembly (29ms)
		ExecutionOrderSort (0ms)
		DisableScriptedObjects (0ms)
		BackupInstance (0ms)
		ReleaseScriptingObjects (0ms)
		CreateAndSetChildDomain (0ms)
	RebuildCommonClasses (19ms)
	RebuildNativeTypeToScriptingClass (6ms)
	initialDomainReloadingComplete (20ms)
	LoadAllAssembliesAndSetupDomain (66ms)
		LoadAssemblies (29ms)
		RebuildTransferFunctionScriptingTraits (0ms)
		AnalyzeDomain (65ms)
			TypeCache.Refresh (65ms)
				TypeCache.ScanAssembly (59ms)
			ScanForSourceGeneratedMonoScriptInfo (0ms)
			ResolveRequiredComponents (0ms)
	FinalizeReload (138ms)
		ReleaseScriptCaches (0ms)
		RebuildScriptCaches (0ms)
		SetupLoadedEditorAssemblies (113ms)
			LogAssemblyErrors (0ms)
			InitializePlatformSupportModulesInManaged (37ms)
			SetLoadedEditorAssemblies (2ms)
			RefreshPlugins (0ms)
			BeforeProcessingInitializeOnLoad (1ms)
			ProcessInitializeOnLoadAttributes (55ms)
			ProcessInitializeOnLoadMethodAttributes (18ms)
			AfterProcessingInitializeOnLoad (0ms)
			EditorAssembliesLoaded (0ms)
		ExecutionOrderSort2 (0ms)
		AwakeInstancesAfterBackupRestoration (0ms)
========================================================================
Worker process is ready to serve import requests
Begin MonoManager ReloadAssembly
Symbol file LoadedFromMemory is not a mono symbol file
- Loaded All Assemblies, in  0.214 seconds
Refreshing native plugins compatible for Editor in 0.51 ms, found 2 plugins.
Native extension for iOS target not found
Native extension for OSXStandalone target not found
Native extension for WebGL target not found
Package Manager log level set to [2]
[Package Manager] Server::EnsureServerProcessIsRunning -- launch failed, reason: Unity was launched with the -noUpm command-line argument
[Package Manager] UpmClient::Send -- Unable to send message (not connected to UPM process).
[Package Manager] Cannot connect to Unity Package Manager local server
Mono: successfully reloaded assembly
- Finished resetting the current domain, in  0.275 seconds
Domain Reload Profiling: 489ms
	BeginReloadAssembly (50ms)
		ExecutionOrderSort (0ms)
		DisableScriptedObjects (2ms)
		BackupInstance (0ms)
		ReleaseScriptingObjects (0ms)
		CreateAndSetChildDomain (13ms)
	RebuildCommonClasses (17ms)
	RebuildNativeTypeToScriptingClass (6ms)
	initialDomainReloadingComplete (15ms)
	LoadAllAssembliesAndSetupDomain (126ms)
		LoadAssemblies (75ms)
		RebuildTransferFunctionScriptingTraits (0ms)
		AnalyzeDomain (72ms)
			TypeCache.Refresh (62ms)
				TypeCache.ScanAssembly (55ms)
			ScanForSourceGeneratedMonoScriptInfo (6ms)
			ResolveRequiredComponents (4ms)
	FinalizeReload (275ms)
		ReleaseScriptCaches (0ms)
		RebuildScriptCaches (0ms)
		SetupLoadedEditorAssemblies (211ms)
			LogAssemblyErrors (0ms)
			InitializePlatformSupportModulesInManaged (10ms)
			SetLoadedEditorAssemblies (2ms)
			RefreshPlugins (0ms)
			BeforeProcessingInitializeOnLoad (30ms)
			ProcessInitializeOnLoadAttributes (143ms)
			ProcessInitializeOnLoadMethodAttributes (26ms)
			AfterProcessingInitializeOnLoad (0ms)
			EditorAssembliesLoaded (0ms)
		ExecutionOrderSort2 (0ms)
		AwakeInstancesAfterBackupRestoration (2ms)
Launching external process: /Users/chfang/unity3d/editors/2022.3.18f1/Unity.app/Contents/Tools/UnityShaderCompiler
Launched and connected shader compiler UnityShaderCompiler after 0.02 seconds
Refreshing native plugins compatible for Editor in 0.51 ms, found 2 plugins.
Preloading 0 native plugins for Editor in 0.00 ms.
Unloading 3511 Unused Serialized files (Serialized files now loaded: 0)
Unloading 72 unused Assets / (0.8 MB). Loaded Objects now: 3971.
Memory consumption went from 199.7 MB to 198.9 MB.
Total: 2.064375 ms (FindLiveObjects: 0.077042 ms CreateObjectMapping: 0.031500 ms MarkObjects: 1.739417 ms  DeleteObjects: 0.216083 ms)

AssetImportParameters requested are different than current active one (requested -> active):
  custom:scripting/monoscript/fileName/LinearMotionEditor.cs: 786b708f4f40015f9ad9373d3dc9c220 -> 
  custom:scripting/monoscript/fileName/ValidatorAttribute.cs: 4c7e0125ce52e67f98228b47e83397f1 -> 3cea7bacbb67e0569d9cf2cd3d06724a
  custom:scripting/monoscript/fileName/HorizontalLineDecoratorDrawer.cs: 71aff819d4dfb58cbda12f1761c3a125 -> 71f6eeb6cdbd00aa2c7b47ac4bb8cbfc
  custom:scripting/monoscript/fileName/LabelAttribute.cs: fbafdcb6496bb7905d1bcca7aa6ee98b -> eff1134c143807bcee58d776f30c4776
  custom:container-demuxer-ogg: 62fdf1f143b41e24485cea50d1cbac27 -> 
  custom:scripting/monoscript/fileName/FogSettings.cs: 0c09e661c43bc16406bdf44b412da5bf -> cf05c4aefe09e5a45032fd0f5bfa3ac4
  custom:scripting/monoscript/fileName/ReadOnlyPropertyDrawer.cs: 3f6ad8a609b35b1b12b919d81ed8f075 -> 7bbe655411252523befa20fe239ee2ed
  custom:scripting/monoscript/fileName/EnableIfAttribute.cs: 9a114aecd9dae6ae80b091afa4ad94b4 -> 4f15ecfae2c2cb9b325311c83d750858
  custom:scripting/monoscript/fileName/FoldoutAttribute.cs: 7046c0bd7c0a19f8803b63693d6137a2 -> 65ee479bac52504083911eabd0d1d544
  custom:scripting/monoscript/fileName/ShowAssetPreviewAttribute.cs: 9e22a0a9c920f9548d85a6fd9c7258a7 -> 77acd6eef17f429786fe8ee1e5569ddc
  custom:scripting/monoscript/fileName/ShowNativePropertyAttribute.cs: 61de89d9268e2683eb79989d60a98ce6 -> d7bf5cbba20a5f8ddfe3612793a42a14
  custom:scripting/monoscript/fileName/GradientSkyboxEditor.cs: d2acdf2a26881c5519c0b008d343b745 -> 45a8592a9a156b10e154b5fca51c8c7e
  custom:scripting/monoscript/fileName/Tooltips.cs: 8773210927ec6e1bc68ca0d04c36d7b1 -> 481ff94a488c65924d580c68291447ec
  custom:scripting/monoscript/fileName/PixelationSettings.cs: 6d7b2a677dfc32e76e8860f7550f2600 -> 45f1935ea6e17db040905c4895de4c2e
  custom:video-decoder-ogg-theora: a1e56fd34408186e4bbccfd4996cb3dc -> 
  custom:scripting/monoscript/fileName/FloatingMotion.cs: 508e656db3ae9e9ae64f208bfacf2b64 -> 
  custom:scripting/monoscript/fileName/SavedBool.cs: ee6190c9f7791a85543d85a0b653dad3 -> c77c6ddd5857c17930c70532a2ea9562
  custom:scripting/monoscript/fileName/OutlineSettings.cs: d11f290fef600962cdc8f7d0e20ab3d0 -> 9d20e5d8f2a266cbf608dce3fe08ba1c
  custom:scripting/monoscript/fileName/ValidateInputPropertyValidator.cs: e8a367acedea6fabd4a32f16aa54bcbd -> 60947c8d4249f221847cf053c69c8ed6
  custom:scripting/monoscript/fileName/ExpandablePropertyDrawer.cs: 87b7324de8b22d348776de5361339894 -> 535072ca1a12cf9c7a3777a4c6a83eaf
  custom:scripting/monoscript/fileName/BoxGroupAttribute.cs: 34bb82ce4b4adec1bcc989c6df1d01d4 -> fe5081d1870c994b990859a38cb3ccbf
  custom:scripting/monoscript/fileName/ICustomAttribute.cs: 6d47f3f051d6d689fdec773957da4362 -> 93dbd6ed58e3e705b96f22424cca6c61
  custom:scripting/monoscript/fileName/TerrainEditor.cs: 87bea7202d7a28615f17b23ac84791c4 -> 70681d8ad60953356dc6c9347c81a5fc
  custom:CustomObjectIndexerAttribute: 62b5816608c3102f162a1797e29626cf -> 
  custom:scripting/monoscript/fileName/ValidateInputAttribute.cs: 6d32fbedbcaf2b5014bf12a1a33bfed8 -> f0086f7268acebbac09be28b814ee6cf
  custom:scripting/monoscript/fileName/ScrollingUVs.cs: 8d78a1dab0bf109d208e4636c7ad2349 -> 23e540a104bdf65b77aea6df3d60f51b
  custom:scripting/monoscript/fileName/InfoBoxDecoratorDrawer.cs: be4a5b55b9784ef70692d4a92e99b5f9 -> a097ec08bfac7ba5a91dba0aabf9cffd
  custom:scripting/monoscript/fileName/FlatKitFog.cs: 7d8621d6a709369d84fd939a86db1f61 -> 48e598970ca6682611b31533a0722320
  custom:scripting/monoscript/fileName/LinearMotion.cs: 6a6b6b14651bfa0f1b528a172e48ae65 -> 
  custom:scripting/monoscript/fileName/HorizontalLineAttribute.cs: d1ab2e2f8b3410d67c1e9d0a23d4877a -> a582da687a2308bfb64a51679e4d2e0d
  custom:container-demuxer-webm: 4f35f7cbe854078d1ac9338744f61a02 -> 
  custom:scripting/monoscript/fileName/DrawerAttribute.cs: 61ceb0b59f8f9bc1d8239a4a64ba85f2 -> ad15107264b332651f13864a3fa50416
  custom:scripting/monoscript/fileName/FlatKitPixelation.cs: 30398aaf04ea5a79a0c6c43f893789a2 -> e945bd971995ae305cf1a205319882bd
  custom:scripting/monoscript/fileName/Expandable.cs: 698ae91f4ff2a8a527185c1950d295f6 -> 54836885a4b8f730cc7954a2347215ec
  custom:scripting/monoscript/fileName/WaterEditor.cs: 3659399d8dfb8504509ee04578231065 -> 41d3c7a406a58de530cff494e6119ed9
  custom:scripting/monoscript/fileName/EnableIfAttributeBase.cs: 966378200e745599cc05757aec4a03da -> 1c134a0160aa1b38be3a58f9629e3be5
  custom:scripting/monoscript/fileName/SpecialCasePropertyDrawerBase.cs: 1530b2698fbfab2d5adb33fc89e65483 -> 7e5693fcfd1d22040f46d77f06e4bc72
  custom:scripting/monoscript/fileName/MinValuePropertyValidator.cs: 0d7710f690d26a54b971f7e5cfa05243 -> 9cd3f3f4d54d3dde5f7bdad91c31c9ae
  custom:scripting/monoscript/fileName/MetaAttribute.cs: 18398ce154424b67e74883a198accb5a -> 771922ad3c75a8e057fdaf912ddc483c
  custom:container-muxer-webm: aa71ff27fc2769a1b78a27578f13a17b -> 
  custom:scripting/monoscript/fileName/ReadmeEditor.cs: fc62dcea9358abb6a8d16fb1f81b3ec7 -> 8fe23974e94dfb193c63bdeff3060bd2
  custom:scripting/monoscript/fileName/NetworkManager.cs: c901d8bdfe212925aaee77035e2c3b2a -> f31ff3f5d109c0d6c443fbdd298e5645
  custom:video-decoder-webm-vp8: 9c59270c3fd7afecdb556c50c9e8de78 -> 
  custom:scripting/monoscript/fileName/ButtonUtility.cs: 5796485845f77ae30c779455926b63a6 -> 86e0ba3f00a42fae3d830daca553cb3f
  custom:scripting/monoscript/fileName/MeshSmoother.cs: 18712bafb69480d81fdb86704be0ff6a -> 04a03f8885108eecaffb4dd372c59668
  custom:scripting/monoscript/fileName/AllowNestingPropertyDrawer.cs: e235c5ca93c4892c171b1716205f6a5d -> 0349b43eed2b7fbe62ceae89599b6618
  custom:SearchIndexIgnoredProperties: e643bd26f0fe6173181afceb89e7c659 -> 
  custom:scripting/monoscript/fileName/RequiredPropertyValidator.cs: 1f284ca695abcc72c23d15f693bedb61 -> 3a8bcca4c0b1081fb1314d29e8904824
  custom:scripting/monoscript/fileName/InfoBoxAttribute.cs: 813154d8940a5c32e1e0dd0f11959e20 -> 1201cf04a53ef1d4265e8741504b12e5
  custom:AudioImporter_EditorPlatform: 3918e3fc78b5a79bad01e8451be0beb8 -> 
  custom:scripting/monoscript/fileName/ReflectionUtility.cs: e4a8a7dc622ccef16a27ae5fa00e0c6b -> c7ae0a5f3d705cbfda008f290ec50b44
  custom:scripting/monoscript/fileName/AllowNestingAttribute.cs: b22bd54f446e871721ad765bdfc1c0fc -> 0ae2184c4b5e3e08dc1737cb0e6dd234
  custom:scripting/monoscript/fileName/OrbitMotion.cs: 46e461b75b349fe8b8dc2f1378bdaf35 -> 
  custom:scripting/monoscript/fileName/RequiredAttribute.cs: f024cb24fe4159f54a4db0e8a26b84e0 -> 6f5498a07e60a2d33cfd0bf611662718
  custom:scripting/monoscript/fileName/FlatKitOutline.cs: 5f2b4529fa4474b9673bcecd62139642 -> b462b82a5fd28c7667eba5a6ab3e016c
  custom:scripting/monoscript/fileName/MinValueAttribute.cs: d0bdb365f16056d40139e72af3f6f233 -> 7715e2b61d6e0e980a8451e959d50cac
  custom:scripting/monoscript/fileName/ReadOnlyAttribute.cs: b741f3ee3260105e7872a136890c598d -> 919ee22d70bf55617d888597f2d085c6
  custom:scripting/monoscript/fileName/UvScroller.cs: 083d04982a551bddfe4716311c61b65f -> 
  custom:scripting/monoscript/fileName/ShowIfAttribute.cs: b3d6ec93daa9b127a1182c0361b6a5bc -> 8d62a9f0939195c8900d19a1a30e66c1
  custom:framework-osx-AVFoundation: e770b220cccbd017edd2c1fefb359320 -> 
  custom:scripting/monoscript/fileName/PropertyValidatorBase.cs: 1d704f6f95c8798c0cb95975ccec8fc4 -> 7572a93d8e5726e07c4c806db108d772
  custom:scripting/monoscript/fileName/DisableIfAttribute.cs: 2e781842dc455bd1cd08a5e16924bbb7 -> 1ff17a434ef5981f2aa6b395809ab054
  custom:scripting/monoscript/fileName/AutoLoadPipelineAsset.cs: fb37f30f66c75e1851deddb3b423359c -> 
  custom:scripting/monoscript/fileName/CustomInspectorDefinitions.cs: 01a13356168415b8e3d57b72b57e9038 -> 615e56746592adbca936543667794ed7
  custom:scripting/monoscript/fileName/SpecialCaseDrawerAttribute.cs: 06e49b065aa376c5f50cebc40c09b45b -> d115a9d2913d82f77ec81309ebd95fb2
  custom:video-encoder-webm-vp8: eb34c28f22e8b96e1ab97ce403110664 -> 
  custom:audio-decoder-ogg-vorbis: bf7c407c2cedff20999df2af8eb42d56 -> 
  custom:scripting/monoscript/fileName/PropertyDrawerBase.cs: 2f4bcf63b1c62e8dea76839658b3c8f9 -> 45581b34826492766bf3a8df73bac00e
  custom:scripting/monoscript/fileName/ShowNonSerializedFieldAttribute.cs: ba2687d5f8479f86d033caec4cf5abab -> c62afb993ab1f38a7d714fb087b23b02
  custom:scripting/monoscript/fileName/SubAssetMaterial.cs: c0bca368f51a89dc9d538ba4cdb62ce4 -> bf192f915fef1702cc91f437e467e563
  custom:scripting/monoscript/fileName/Buoyancy.cs: a36a1380d5603f95f7298c91ca65950e -> bb071100db79a4c60390944d62fea420
  custom:scripting/monoscript/fileName/StylizedSurfaceEditor.cs: 15707bc0df061db9cf98f048e5eed4df -> 25c431d8bfa60fbbe4ca9a268772726d
  custom:scripting/monoscript/fileName/ScreenRenderPass.cs: 3fa04ec9c6ea944e43c6d9904b659f15 -> 0bfa8a1b31d0a142a063aa9f35452499
  custom:scripting/monoscript/fileName/MaxValuePropertyValidator.cs: e540bf3708b56e34290a1c3178aa76be -> a713f9f51e64c64e340e835597035b0a
  custom:scripting/monoscript/fileName/ShowIfAttributeBase.cs: c97d3c179f1004a2b0bab9a9c79f4ae9 -> 5ef113e5c5b95df725314d436b8936a9
  custom:scripting/monoscript/fileName/ExternalCustomEditorGUI.cs: ce6784feb5ccccb6319cfe91df06ff69 -> ea90d123425395d9dd333596da929cce
  custom:scripting/monoscript/fileName/EColor.cs: 943878be4b58f6de3f940c522390bfb5 -> 86905dfec969ce79f429297371a9ec70
  custom:scripting/monoscript/fileName/FlatKitReadme.cs: ca7e5ba231b2673d9476eab81ddff683 -> 59ba5df04d92f4e925503b1dc44fc65a
  custom:scripting/monoscript/fileName/MinMaxSliderPropertyDrawer.cs: 62ef63e9cf126ebeae21227c8b8aadf0 -> b46a1d37753058f7b641fcf190ae86f3
  custom:scripting/monoscript/fileName/OnValueChangedAttribute.cs: e12475bc34c294fa505dd6015f2fdbaa -> 91ad62ae3d2dd530e5287e232050f83c
  custom:scripting/monoscript/fileName/HideIfAttribute.cs: bbfc5e960ee928628c917ade59442fce -> 76396d53bd706d9e6a8f74df6ba88c73
  custom:scripting/monoscript/fileName/PropertyUtility.cs: 75ed0f06c2f0ee0b1d2901a70471c578 -> 90fb0b3ac45eb5f8d44be8fcb8053fef
  custom:audio-encoder-webm-vorbis: bf7c407c2cedff20999df2af8eb42d56 -> 
  custom:scripting/monoscript/fileName/MaxValueAttribute.cs: 4c5e51e845e6b99df64c1904df8dc66c -> d7a515d0a9b5526b70e0a9cedbea33e4
  custom:scripting/monoscript/fileName/BillboardLineRendererCircle.cs: a0358532c3eb42a10f47f331343a593c -> 
  custom:scripting/monoscript/fileName/ShowAssetPreviewPropertyDrawer.cs: ce4f5671a42f7db22c95bd0750224e95 -> 24dac8dbaec8819707e07e7876aa3ec4
  custom:scripting/monoscript/fileName/ButtonAttribute.cs: 889baee0989eb3353786784d49ad648d -> fae4c061e7b847b16b2127d8c804c32e
  custom:scripting/monoscript/fileName/MinMaxSliderAttribute.cs: 47b876492c9751c3ec16c263e84878ca -> 5abefdeaada969d4dcae95d1e8f610db
  custom:scripting/monoscript/fileName/ExternalCustomInspector.cs: 806ff48aad4de8e9f6b3041ec509c9f4 -> 9b18bcdd327e874df1617cdc082b2fc7
  custom:scripting/monoscript/fileName/IGroupAttribute.cs: cc216852938179cecf0eb70e6b915b5d -> 5c51fb3e8c71ae19919f99367e575b71
